betaE3B0C44298FC
beta true nonceN1 true
challengeCU gatewaycBlQNdVT90dcZYTML7ljrQ==
user nonceN31690735962814
valueof f  int 94
user mai Q 608787719
user mai  ======== Qf 57226045586
challenge user ===cBlQNdVT90dcZYTML7ljrQ==
hashedBio1Intt31133213172422
wnew===============-16788577439586821344056
user dagooottabase Z-1678643656
CHECK N3=1690735962814
CHECKIY
gateway mai hu
f in gate 94
R1 gate 4639003488759625741988905538111641995383343537712853
R1f gate 436066327943404819746957120582494347566034292545008182
challengeZ gate 436066327943404819746957120582494347566034235318962596
f gate 94
gatewayR1f-challengeZ 436066327943404819746957120582494347563107770506800514
gateway Qf 57226045586
Qf==R1f-challengeZ goood trueeeeeeeeeeee
check iot 
nonceN41690735962834
check iot 3
challenge SEOR CHECK3 ===
user xnew CHECK4-41034932925641698108870
check5
CHECKIY  iot 6
CHECKIY  iot 7
cot
OIDSN1700139914656054340
R3ID-4952226420425618774984953807092226848750886233468327428786264
Cux-6114408941628043819409384683842640517731985573788977830877390
R3IDu.subtract(Cux)1162182521202425044424430876750413668981099340320650402091126
 =============end ===============
 dataToEncrypt===BaIzttbNO3VAnlixVWdRSx3PbyJ8mTZnd+Nij0G6Ewo=null60fbdb3c4cf4d8414fe024edd8b56908e3b2b65a-e902-46cd-909b-da5c3878835d
 K1====kDrbrJ4IH9P9p8/JUdc2J83zF6JCysjAntLv9NVP31ESl8DXCMtzdCXvmZRVjmwEEqMCe+l+wVZs9q1dp7ELby1/r7P3QCm+YDZuukodfKDsuZ9OvAWcEMQzn4Djru9Q6XgHEbabanonCSnep259S32q4lTLjAGRpfRphYAqbYw=
k111111111111
k1 check+=kDrbrJ4IH9P9p8/JUdc2J83zF6JCysjAntLv9NVP31ESl8DXCMtzdCXvmZRVjmwEEqMCe+l+wVZs9q1dp7ELby1/r7P3QCm+YDZuukodfKDsuZ9OvAWcEMQzn4Djru9Q6XgHEbabanonCSnep259S32q4lTLjAGRpfRphYAqbYw=
userssssssssssss  end 1
userssssssssssss end
betaE3B0C44298FC
beta true nonceN1 true
challengeCU gatewaycBlQNdVT90dcZYTML7ljrQ==
user nonceN31690736091273
valueof f  int 94
user mai Q 390815819
user mai  ======== Qf 36736686986
challenge user ===cBlQNdVT90dcZYTML7ljrQ==
hashedBio1Intt31133213172422
wnew===============-16788577439586821344056
user dagooottabase Z-1678643656
CHECK N3=1690736091273
CHECKIY
gateway mai hu
f in gate 94
R1 gate 4639003488759625741988905538111641995383343319740953
R1f gate 436066327943404819746957120582494347566034272055649582
challengeZ gate 436066327943404819746957120582494347566034235318962596
f gate 94
gatewayR1f-challengeZ 436066327943404819746957120582494347563107750017441914
gateway Qf 36736686986
Qf==R1f-challengeZ goood trueeeeeeeeeeee
check iot 
nonceN41690736091297
check iot 3
challenge SEOR CHECK3 ===
user xnew CHECK4-16481649127862378105030
check5
CHECKIY  iot 6
CHECKIY  iot 7
cot
OIDSN83429787496058220
R3ID-1270849908098319837988095505609202609916665192493564700137920
Cux-2455847630670931868985666286489770815940119596952415800360910
R3IDu.subtract(Cux)1184997722572612030997570780880568206023454404458851100222990
 =============end ===============
 dataToEncrypt===YQpY5I2pOVDoY6zXvtFa8TjbALAkBV093oE87ibBuA0=null60fbdb3c4cf4d8414fe024edd8b56908c5ef73e7-2885-4092-b787-2cef0ebe2320
 K1====yTIX1JBxXXK4+rFeoSXRTxKt7bwBHNK4CX/xC+t2lUD5/sxTcCILBJ++yYF4BbeIEqMCe+l+wVZs9q1dp7ELby1/r7P3QCm+YDZuukodfKA5NfsYhQhrEPApRiCEhpawR9ImDCCNFAAuP0tYqmFPsreDYKSBmIj0HtebpQXXhio=
k111111111111
k1 check+=yTIX1JBxXXK4+rFeoSXRTxKt7bwBHNK4CX/xC+t2lUD5/sxTcCILBJ++yYF4BbeIEqMCe+l+wVZs9q1dp7ELby1/r7P3QCm+YDZuukodfKA5NfsYhQhrEPApRiCEhpawR9ImDCCNFAAuP0tYqmFPsreDYKSBmIj0HtebpQXXhio=
userssssssssssss  end 1
userssssssssssss end
betaE3B0C44298FC
beta true nonceN1 true
challengeCU gatewaycBlQNdVT90dcZYTML7ljrQ==
user nonceN31690736373824
valueof f  int 94
user mai Q 885391204
user mai  ======== Qf 83226773176
challenge user ===cBlQNdVT90dcZYTML7ljrQ==
hashedBio1Intt31133213172422
wnew===============-16788577439586821344056
user dagooottabase Z-1678643656
CHECK N3=1690736373824
CHECKIY
gateway mai hu
f in gate 94
R1 gate 4639003488759625741988905538111641995383343814316338
R1f gate 436066327943404819746957120582494347566034318545735772
challengeZ gate 436066327943404819746957120582494347566034235318962596
f gate 94
gatewayR1f-challengeZ 436066327943404819746957120582494347563107796507528104
gateway Qf 83226773176
Qf==R1f-challengeZ goood trueeeeeeeeeeee
check iot 
nonceN41690736373846
check iot 3
challenge SEOR CHECK3 ===
user xnew CHECK4109097024624914762835700
check5
CHECKIY  iot 6
CHECKIY  iot 7
cot
OIDSN769992721640663220
R3ID9240255962781810331020032277145060344754426632037225956411648
Cux16255998860296961617384788731984335258721560280719270195932900
R3IDu.subtract(Cux)-7015742897515151286364756454839274913967133648682044239521252
 =============end ===============
 dataToEncrypt===8YpImaOJYPQiTBP3iH+J4t63dUEAGKYsr/AWFYvjit0=null60fbdb3c4cf4d8414fe024edd8b56908341b652a-a3e7-46f7-af59-029e58b79fb6
 K1====Y4UNKRiN10Ts4lZQjhk5+lfpicV0Koq98rMSsOeYpHz/AJfeq5Ra2bUWOKYQ4FrWEqMCe+l+wVZs9q1dp7ELby1/r7P3QCm+YDZuukodfKAw06aHGhgt5+/sXK3o1at6WT3ER0P3SkzKD6GNjcLegxia3OW1Q6XPXvJZmbIMTp8=
k111111111111
k1 check+=Y4UNKRiN10Ts4lZQjhk5+lfpicV0Koq98rMSsOeYpHz/AJfeq5Ra2bUWOKYQ4FrWEqMCe+l+wVZs9q1dp7ELby1/r7P3QCm+YDZuukodfKAw06aHGhgt5+/sXK3o1at6WT3ER0P3SkzKD6GNjcLegxia3OW1Q6XPXvJZmbIMTp8=
users end
betaE3B0C44298FC
beta true nonceN1 true
challengeCU gatewaycBlQNdVT90dcZYTML7ljrQ==
user nonceN31690736864872
valueof f  int 94
user mai Q 158009728
user mai  ======== Qf 14852914432
challenge user ===cBlQNdVT90dcZYTML7ljrQ==
hashedBio1Intt31133213172422
wnew===============-16788577439586821344056
user dagooottabase Z-1678643656
CHECK N3=1690736864872
CHECKIY
gateway mai hu
f in gate 94
R1 gate 4639003488759625741988905538111641995383343086934862
R1f gate 436066327943404819746957120582494347566034250171877028
challengeZ gate 436066327943404819746957120582494347566034235318962596
f gate 94
gatewayR1f-challengeZ 436066327943404819746957120582494347563107728133669360
gateway Qf 14852914432
Qf==R1f-challengeZ goood trueeeeeeeeeeee
check iot 
nonceN41690736864900
check iot 3
challenge SEOR CHECK3 ===
user xnew CHECK4-37139956277465118044170
check5
CHECKIY  iot 6
CHECKIY  iot 7
cot
OIDSN864806195188019420
R3ID-993385968583740665778295194119361539480543355629494308166070
Cux-5534038063766522723471873506356611247606218350146422459831490
R3IDu.subtract(Cux)4540652095182782057693578312237249708125674994516928151665420
 =============end ===============
 dataToEncrypt===cAVM9aNnFLnRxcF85TnFEhXejYQB73VHRd37dTMfi14=null60fbdb3c4cf4d8414fe024edd8b569089356bf3c-ff65-4cae-9e9b-a3b25e00406e
 K1====wVHbE036US3+2zS6LJcx4zikZEEKNgnkUYFssXbmd7HRVIXOWz1ovM4P7Mfu2H03EqMCe+l+wVZs9q1dp7ELby1/r7P3QCm+YDZuukodfKAGqyXiVk3Wxms64GY/2RSCUrg+xLcJGf07EL7q97tV9NY2nyk9VTA6mqIDyFtgnF8=
k111111111111
k1 check+=wVHbE036US3+2zS6LJcx4zikZEEKNgnkUYFssXbmd7HRVIXOWz1ovM4P7Mfu2H03EqMCe+l+wVZs9q1dp7ELby1/r7P3QCm+YDZuukodfKAGqyXiVk3Wxms64GY/2RSCUrg+xLcJGf07EL7q97tV9NY2nyk9VTA6mqIDyFtgnF8=
betaE3B0C44298FC
beta true nonceN1 true
challengeCU gatewaycBlQNdVT90dcZYTML7ljrQ==
user nonceN31690737102338
valueof f  int 94
user mai Q 1600021243
user mai  ======== Qf 150401996842
challenge user ===cBlQNdVT90dcZYTML7ljrQ==
hashedBio1Intt31133213172422
wnew===============-16788577439586821344056
user dagooottabase Z-1678643656
CHECK N3=1690737102338
CHECKIY
gateway mai hu
f in gate 94
R1 gate 4639003488759625741988905538111641995383344528946377
R1f gate 436066327943404819746957120582494347566034385720959438
challengeZ gate 436066327943404819746957120582494347566034235318962596
f gate 94
gatewayR1f-challengeZ 436066327943404819746957120582494347563107863682751770
gateway Qf 150401996842
Qf==R1f-challengeZ goood trueeeeeeeeeeee
check iot 
nonceN41690737102361
check iot 3
challenge SEOR CHECK3 ===
user xnew CHECK4-24561777027030592695430
check5
CHECKIY  iot 6
CHECKIY  iot 7
cot
OIDSN227043619725510980
R3ID1349494085352712269886775873166433008079516243232679048038256
Cux-3659826844325263947003497509988191967396281480123383500269710
R3IDu.subtract(Cux)5009320929677976216890273383154624975475797723356062548307966
 =============end ===============
 dataToEncrypt===vMM5W5iVI6u7CtARZ3NrXxhMnU5mfBixeyuYWl76JVk=null60fbdb3c4cf4d8414fe024edd8b56908bba82687-7ed2-4fc0-9c44-b0c1c75f680a
 K1====ZHA2g0uT0YeiyoFm32RplN0y7wkXT/ZTG2f2ObrVanWEXyQVVmO+IKqxAEFatWNDEqMCe+l+wVZs9q1dp7ELby1/r7P3QCm+YDZuukodfKACyqdlVzf1Q/aA5nUX0NIVIzgImht+yERBu1iPdaZ6fdIDLcdSckcxD/kYUzvxtkc=
k111111111111
k1 check+=ZHA2g0uT0YeiyoFm32RplN0y7wkXT/ZTG2f2ObrVanWEXyQVVmO+IKqxAEFatWNDEqMCe+l+wVZs9q1dp7ELby1/r7P3QCm+YDZuukodfKACyqdlVzf1Q/aA5nUX0NIVIzgImht+yERBu1iPdaZ6fdIDLcdSckcxD/kYUzvxtkc=
betaE3B0C44298FC
beta true nonceN1 true
challengeCU gatewaycBlQNdVT90dcZYTML7ljrQ==
user nonceN31690737331729
valueof f  int 94
user mai Q 733509110
user mai  ======== Qf 68949856340
challenge user ===cBlQNdVT90dcZYTML7ljrQ==
hashedBio1Intt31133213172422
wnew===============-16788577439586821344056
user dagooottabase Z-1678643656
CHECK N3=1690737331729
CHECKIY
gateway mai hu
f in gate 94
R1 gate 4639003488759625741988905538111641995383343662434244
R1f gate 436066327943404819746957120582494347566034304268818936
challengeZ gate 436066327943404819746957120582494347566034235318962596
f gate 94
gatewayR1f-challengeZ 436066327943404819746957120582494347563107782230611268
gateway Qf 68949856340
Qf==R1f-challengeZ goood trueeeeeeeeeeee
check iot 
nonceN41690737331748
check iot 3
challenge SEOR CHECK3 ===
user xnew CHECK4119640814240660155548140
check5
CHECKIY  iot 6
CHECKIY  iot 7
cot
OIDSN1275179245088711830
R3ID2441509130099169836100838553556215590649830487082444072978550
Cux17827075913645170259736274317792970808308561950273116535443580
R3IDu.subtract(Cux)-15385566783546000423635435764236755217658731463190672462465030
 =============end ===============
 dataToEncrypt===K3Ih7dA6cHRWUNPmGwwbfTcuu6P6cH5jkDLHRB+rG/Q=null60fbdb3c4cf4d8414fe024edd8b56908140ddd81-872a-4767-9b6d-e63b9cc351e1
 K1====NKyC94pzdA2cvqUB/yVelX7bXnzFWMsC5/9nsw0Jz0MSGrCdIgu6RFpRTsMIgQOJEqMCe+l+wVZs9q1dp7ELby1/r7P3QCm+YDZuukodfKDcqNlgrT1ve6n2cCqbFuZp+afq2fOxSRdGtOIN4azsSW63d6bci9ZiPa76u98xoOQ=
k111111111111
k1 check+=NKyC94pzdA2cvqUB/yVelX7bXnzFWMsC5/9nsw0Jz0MSGrCdIgu6RFpRTsMIgQOJEqMCe+l+wVZs9q1dp7ELby1/r7P3QCm+YDZuukodfKDcqNlgrT1ve6n2cCqbFuZp+afq2fOxSRdGtOIN4azsSW63d6bci9ZiPa76u98xoOQ=
k111111111111
k1 check+=null
betaE3B0C44298FC
beta true nonceN1 true
challengeCU gatewaycBlQNdVT90dcZYTML7ljrQ==
user nonceN31690737420492
valueof f  int 94
user mai Q 275341756
user mai  ======== Qf 25882125064
challenge user ===cBlQNdVT90dcZYTML7ljrQ==
hashedBio1Intt31133213172422
wnew===============-16788577439586821344056
user dagooottabase Z-1678643656
CHECK N3=1690737420492
CHECKIY
gateway mai hu
f in gate 94
R1 gate 4639003488759625741988905538111641995383343204266890
R1f gate 436066327943404819746957120582494347566034261201087660
challengeZ gate 436066327943404819746957120582494347566034235318962596
f gate 94
gatewayR1f-challengeZ 436066327943404819746957120582494347563107739162879992
gateway Qf 25882125064
Qf==R1f-challengeZ goood trueeeeeeeeeeee
check iot 
nonceN41690737420521
check iot 3
challenge SEOR CHECK3 ===
user xnew CHECK4121197914348127018932600
check5
CHECKIY  iot 6
CHECKIY  iot 7
cot
OIDSN686571654529552680
R3ID10292917486089854673715035879089849114490091271101547526914712
Cux18059091568145146353730172974153893639279721243026817451122200
R3IDu.subtract(Cux)-7766174082055291680015137095064044524789629971925269924207488
 =============end ===============
 dataToEncrypt===VkOfXKO5hOmJHTnNhc6bhABafyhewpEB8EzkJSbDQ4E=null60fbdb3c4cf4d8414fe024edd8b569082203d7a6-6c8c-43c7-9101-de87c1df07d2
 K1====k84G1YGuxkYO9NWNB2LXGk9daKOtC1kJVHb9QDA+fnSPd09h2rB5BdR2pFCJ9yu/EqMCe+l+wVZs9q1dp7ELby1/r7P3QCm+YDZuukodfKC2mzfEUnNvll3SRscCF6sB9KWiSWRF+vkGtDgRgJolmvU4rsFZ0ox8yf+7XBb9EQA=
k111111111111
k1 check+=k84G1YGuxkYO9NWNB2LXGk9daKOtC1kJVHb9QDA+fnSPd09h2rB5BdR2pFCJ9yu/EqMCe+l+wVZs9q1dp7ELby1/r7P3QCm+YDZuukodfKC2mzfEUnNvll3SRscCF6sB9KWiSWRF+vkGtDgRgJolmvU4rsFZ0ox8yf+7XBb9EQA=
betaE3B0C44298FC
beta true nonceN1 true
challengeCU gatewaycBlQNdVT90dcZYTML7ljrQ==
user nonceN31690737560976
valueof f  int 94
user mai Q 1808363954
user mai  ======== Qf 169986211676
challenge user ===cBlQNdVT90dcZYTML7ljrQ==
hashedBio1Intt31133213172422
wnew===============-16788577439586821344056
user dagooottabase Z-1678643656
CHECK N3=1690737560976
CHECKIY
gateway mai hu
f in gate 94
R1 gate 4639003488759625741988905538111641995383344737289088
R1f gate 436066327943404819746957120582494347566034405305174272
challengeZ gate 436066327943404819746957120582494347566034235318962596
f gate 94
gatewayR1f-challengeZ 436066327943404819746957120582494347563107883266966604
gateway Qf 169986211676
Qf==R1f-challengeZ goood trueeeeeeeeeeee
check iot 
nonceN41690737560999
check iot 3
challenge SEOR CHECK3 ===
user xnew CHECK4107161189590429376306100
check5
CHECKIY  iot 6
CHECKIY  iot 7
cot
OIDSN817742539532044980
R3ID-572492972022730174314571552948024228273140441959821139974628
Cux15967549819431636923907097199514447578730034883457914795201700
R3IDu.subtract(Cux)-16540042791454367098221668752462471807003175325417735935176328
 =============end ===============
 dataToEncrypt===+G/x6sRwCYmdvmH9pvV58Vhd6dQF8s1qx+/YsSUBbzo=null60fbdb3c4cf4d8414fe024edd8b56908653d178b-c2ea-4df4-a3bd-fd129ed48fc4
 K1====LaOkDGNwdDVzZbwaFzZUO0VthDngqYM5F7HA54ZaDUplhRWH7v8Sv81B9yKJWijlEqMCe+l+wVZs9q1dp7ELby1/r7P3QCm+YDZuukodfKAXSb/OB7Ydj49p3EjO7QW+Zj/KaxdkPll/b33lCfanha5kqtLJw9+76b/NM3SQjtI=
k111111111111
k1 check+=LaOkDGNwdDVzZbwaFzZUO0VthDngqYM5F7HA54ZaDUplhRWH7v8Sv81B9yKJWijlEqMCe+l+wVZs9q1dp7ELby1/r7P3QCm+YDZuukodfKAXSb/OB7Ydj49p3EjO7QW+Zj/KaxdkPll/b33lCfanha5kqtLJw9+76b/NM3SQjtI=
betaE3B0C44298FC
beta true nonceN1 true
challengeCU gatewaycBlQNdVT90dcZYTML7ljrQ==
user nonceN31690738887875
valueof f  int 94
user mai Q 216444636
user mai  ======== Qf 20345795784
challenge user ===cBlQNdVT90dcZYTML7ljrQ==
hashedBio1Intt31133213172422
wnew===============-16788577439586821344056
user dagooottabase Z-1678643656
CHECK N3=1690738887875
CHECKIY
gateway mai hu
f in gate 94
R1 gate 4639003488759625741988905538111641995383343145369770
R1f gate 436066327943404819746957120582494347566034255664758380
challengeZ gate 436066327943404819746957120582494347566034235318962596
f gate 94
check iot 
nonceN41690738887895
check iot 3
challenge SEOR CHECK3 ===
user xnew CHECK4-8500125270203040959310
check5
CHECKIY  iot 6
CHECKIY  iot 7
cot
OIDSN613942526738874200
R3ID-639222972611421287061700822587803195813380741295212737824306
Cux-1266560909244503557986989481669078412357905305445972229574070
R3IDu.subtract(Cux)627337936633082270925288659081275216544524564150759491749764
 =============end ===============
 dataToEncrypt===YU1O3EjtUwdoBXBBVi4710CYnyZLMIWPBbfrBwXGUVU=null60fbdb3c4cf4d8414fe024edd8b56908756ff606-cae3-436b-8db3-c1fab2878ef2
k111111111111
k1 check+=9rU6OVD2m6Y+8v3HiXRx8bkINxCU9Ch8PhV3JRLH1OoG5VuRO3BQCotqXV/nsYvoEqMCe+l+wVZs9q1dp7ELby1/r7P3QCm+YDZuukodfKDVqrVRgzOXMFacdsXCQ+cxd4/CMhm+rl17xPOKgqL8xLj4yECg47m1kRSbGnPMmEA=
